<?xml version="1.0" encoding="UTF-8"?>
<testng-results ignored="0" total="1" passed="1" failed="0" skipped="0">
  <reporter-output>
  </reporter-output>
  <suite started-at="2024-12-19T21:16:39 IST" name="Default suite" finished-at="2024-12-19T21:17:37 IST" duration-ms="58536">
    <groups>
    </groups>
    <test started-at="2024-12-19T21:16:39 IST" name="Default test" finished-at="2024-12-19T21:17:37 IST" duration-ms="58536">
      <class name="testpckg.AddToCartTest">
        <test-method is-config="true" signature="setUp()[pri:0, instance:testpckg.AddToCartTest@2034b64c]" started-at="2024-12-19T21:16:39 IST" name="setUp" finished-at="2024-12-19T21:16:44 IST" duration-ms="5510" status="PASS">
          <reporter-output>
          </reporter-output>
        </test-method> <!-- setUp -->
        <test-method signature="addtocartTest()[pri:0, instance:testpckg.AddToCartTest@2034b64c]" started-at="2024-12-19T21:16:44 IST" name="addtocartTest" finished-at="2024-12-19T21:17:37 IST" duration-ms="52968" status="PASS">
          <reporter-output>
          </reporter-output>
        </test-method> <!-- addtocartTest -->
      </class> <!-- testpckg.AddToCartTest -->
    </test> <!-- Default test -->
  </suite> <!-- Default suite -->
</testng-results>
